#
# A fatal error has been detected by the Java Runtime Environment:
#
#  EXCEPTION_UNCAUGHT_CXX_EXCEPTION (0xe06d7363) at pc=0x00007ff89f6e00ac, pid=14444, tid=11664
#
# JRE version:  (22.0.2+9) (build )
# Java VM: OpenJDK 64-Bit Server VM (22.0.2+9, mixed mode, emulated-client, tiered, compressed oops, compressed class ptrs, g1 gc, windows-amd64)
# Problematic frame:
# C  [KERNELBASE.dll+0x600ac]
#
# No core dump will be written. Minidumps are not enabled by default on client versions of Windows
#
#

---------------  S U M M A R Y ------------

Command Line: -Dcom.sun.management.jmxremote -Dcom.sun.management.jmxremote.port=59268 -Dcom.sun.management.jmxremote.authenticate=false -Dcom.sun.management.jmxremote.ssl=false -Djava.rmi.server.hostname=localhost -Dspring.jmx.enabled=true -Dmanagement.endpoints.jmx.exposure.include=* -Dspring.application.admin.enabled=true -XX:TieredStopAtLevel=1 -Dspring.boot.project.name=Agenda_Simples -Dfile.encoding=UTF-8 -Dstdout.encoding=UTF-8 -Dstderr.encoding=UTF-8 -XX:+ShowCodeDetailsInExceptionMessages com.Projeto_Agenda.Agenda_Simples.AgendaSimplesApplication

Host: Intel(R) Celeron(R) N4020C CPU @ 1.10GHz, 2 cores, 3G,  Windows 11 , 64 bit Build 22621 (10.0.22621.5415)
Time: Tue Jul 29 20:25:06 2025 Hora oficial do Brasil elapsed time: 1.150234 seconds (0d 0h 0m 1s)

---------------  T H R E A D  ---------------

Current thread (0x000001951726b880):  JavaThread "Unknown thread" [_thread_in_vm, id=11664, stack(0x00000002d2400000,0x00000002d2500000) (1024K)]

Stack: [0x00000002d2400000,0x00000002d2500000],  sp=0x00000002d24febe0,  free space=1018k
Native frames: (J=compiled Java code, j=interpreted, Vv=VM code, C=native code)
C  [KERNELBASE.dll+0x600ac]  (no source info available)
C  [VCRUNTIME140.dll+0x6720]  (no source info available)
C  [jimage.dll+0x3223]  (no source info available)
C  [jimage.dll+0x2995]  (no source info available)
C  [jimage.dll+0x1413]  (no source info available)
C  [jimage.dll+0x1e27]  (no source info available)
C  [jimage.dll+0x1ebe]  (no source info available)
C  [jimage.dll+0x25e2]  (no source info available)
V  [jvm.dll+0x223810]  (no source info available)
V  [jvm.dll+0x2229b6]  (no source info available)
V  [jvm.dll+0x8438ac]  (no source info available)
V  [jvm.dll+0x844906]  (no source info available)
V  [jvm.dll+0x844f14]  (no source info available)
V  [jvm.dll+0x844b98]  (no source info available)
V  [jvm.dll+0x8cbbd3]  (no source info available)
V  [jvm.dll+0x8cb9b6]  (no source info available)
V  [jvm.dll+0x89400b]  (no source info available)
V  [jvm.dll+0x8959bd]  (no source info available)
V  [jvm.dll+0x3c77c9]  (no source info available)
V  [jvm.dll+0x87e83d]  (no source info available)
V  [jvm.dll+0x4612ae]  (no source info available)
V  [jvm.dll+0x4630c1]  (no source info available)
C  [jli.dll+0x5278]  (no source info available)
C  [ucrtbase.dll+0x29333]  (no source info available)
C  [KERNEL32.DLL+0x1259d]  (no source info available)
C  [ntdll.dll+0x5af78]  (no source info available)


siginfo: EXCEPTION_UNCAUGHT_CXX_EXCEPTION (0xe06d7363), ExceptionInformation=0x0000000019930520 0x00000002d24fed40 0x00007ff885bc5268 0x00007ff885bc0000 


Registers:
RAX=0x0000019520ef9f70, RBX=0x00007ff885bc5268, RCX=0x0000000000000400, RDX=0x00007ff80662b41e
RSP=0x00000002d24febe0, RBP=0x00000002d24fee70, RSI=0x00000002d24fed40, RDI=0x0000000019930520
R8 =0x00007ff806617539, R9 =0x000000000000002c, R10=0x0000019515109cd8, R11=0x000000000000002c
R12=0x000000000000fc07, R13=0x000001951726b880, R14=0x0000019520f0f390, R15=0x0000019520f0f390
RIP=0x00007ff89f6e00ac, EFLAGS=0x0000000000000206


Top of Stack: (sp=0x00000002d24febe0)
0x00000002d24febe0:   0000000000000000 00007ff885bc5268
0x00000002d24febf0:   00000002d24fed40 0000000000000203
0x00000002d24fec00:   00000081e06d7363 0000000000000000
0x00000002d24fec10:   00007ff89f6e00ac 0000000000000004
0x00000002d24fec20:   0000000019930520 00000002d24fed40
0x00000002d24fec30:   00007ff885bc5268 00007ff885bc0000
0x00000002d24fec40:   0000019500000000 0000000200000002
0x00000002d24fec50:   0000000000000000 00007ff885bc5268
0x00000002d24fec60:   0000019520f0f390 00007ff8a2246c6f
0x00000002d24fec70:   00000002d24fece0 00007ff885bc7000
0x00000002d24fec80:   00000002d24fed40 0000000019930520
0x00000002d24fec90:   00007ff885bc7000 00007ff885bc0000
0x00000002d24feca0:   0000ae4a3ed21aff 00007ff89f6a8e6b
0x00000002d24fecb0:   00007ff885bc5268 00007ff898b16720
0x00000002d24fecc0:   00009616fe30875b 0000000000000020
0x00000002d24fecd0:   0000000000000008 00007ff89fa80475
0x00000002d24fece0:   00007ff885bc0000 0000000019930520
0x00000002d24fecf0:   00000002d24fed40 00007ff885bc5268
0x00000002d24fed00:   00007ff885bc0000 00007ff89fada649
0x00000002d24fed10:   00000195179ebe4c 00007ff885bc3223
0x00000002d24fed20:   0000000000000000 00000195179ebe4c
0x00000002d24fed30:   000000000000fc07 00000195179ebe4c
0x00000002d24fed40:   00007ff885bc4478 00007ff885bc4488
0x00000002d24fed50:   0000000000000000 0000000000000000
0x00000002d24fed60:   00000195179ebe4c 00007ff885bc2995
0x00000002d24fed70:   000000000000fc07 00007ff8a220ccea
0x00000002d24fed80:   0000019514f70000 0000019500000000
0x00000002d24fed90:   00000195179ebe4c 00007ff885bc1413
0x00000002d24feda0:   0000019514f70cc0 000001951510a768
0x00000002d24fedb0:   0000000000000002 0000000000000010
0x00000002d24fedc0:   0000000000000000 0000000000000020
0x00000002d24fedd0:   00000000cafefafa 0000000000005e48 

Instructions: (pc=0x00007ff89f6e00ac)
0x00007ff89f6dffac:   ff 4c 8d 05 d4 48 2f 00 33 d2 b9 00 00 10 00 e8
0x00007ff89f6dffbc:   b0 37 fe ff 4c 8b f0 48 89 44 24 58 48 85 c0 0f
0x00007ff89f6dffcc:   84 0b fe ff ff 4c 8d 05 98 48 2f 00 33 d2 8d 4a
0x00007ff89f6dffdc:   02 e8 8e 37 fe ff 48 8b f8 48 89 44 24 50 e9 ed
0x00007ff89f6dffec:   fd ff ff 45 33 c0 49 8b d7 48 83 c9 ff e8 c2 a5
0x00007ff89f6dfffc:   01 00 e9 08 ff ff ff 48 8b 0d ae 2d 32 00 e8 01
0x00007ff89f6e000c:   ba fd ff 48 8b cf e8 99 8e fc ff e9 f8 fe ff ff
0x00007ff89f6e001c:   49 8b ce e8 8c 8e fc ff e9 f4 fe ff ff 48 8b ce
0x00007ff89f6e002c:   e8 7f 8e fc ff e9 f0 fe ff ff cc cc 71 18 d3 7a
0x00007ff89f6e003c:   1a 87 89 f9 48 81 ec d8 00 00 00 48 8b 05 a2 ff
0x00007ff89f6e004c:   31 00 48 33 c4 48 89 84 24 c0 00 00 00 48 83 64
0x00007ff89f6e005c:   24 28 00 48 8d 05 da ff ff ff 83 e2 01 89 4c 24
0x00007ff89f6e006c:   20 89 54 24 24 48 89 44 24 30 4d 85 c9 74 4f b8
0x00007ff89f6e007c:   0f 00 00 00 48 8d 4c 24 40 44 3b c0 49 8b d1 41
0x00007ff89f6e008c:   0f 46 c0 44 8b c0 44 89 44 24 38 49 c1 e0 03 e8
0x00007ff89f6e009c:   d7 36 09 00 48 8d 4c 24 20 48 ff 15 94 64 22 00
0x00007ff89f6e00ac:   0f 1f 44 00 00 48 8b 8c 24 c0 00 00 00 48 33 cc
0x00007ff89f6e00bc:   e8 1f 0e 05 00 48 81 c4 d8 00 00 00 c3 cc 83 64
0x00007ff89f6e00cc:   24 38 00 eb cf cc cc cc cc cc cc cc 48 8b c4 48
0x00007ff89f6e00dc:   89 58 08 48 89 70 10 48 89 78 18 4c 89 68 20 55
0x00007ff89f6e00ec:   41 56 41 57 48 8d 68 a1 48 81 ec e0 00 00 00 48
0x00007ff89f6e00fc:   8b 05 ee fe 31 00 48 33 c4 48 89 45 3f 45 33 ff
0x00007ff89f6e010c:   66 c7 45 2b 00 05 48 8d 45 c7 44 89 7d 27 48 89
0x00007ff89f6e011c:   44 24 50 48 8d 4d 27 44 89 7c 24 48 45 33 c9 44
0x00007ff89f6e012c:   89 7c 24 40 45 8d 47 12 44 89 7c 24 38 b2 01 44
0x00007ff89f6e013c:   89 7c 24 30 41 8b df 44 89 7c 24 28 41 8b ff 44
0x00007ff89f6e014c:   89 7c 24 20 45 8b f7 44 89 7d 2f 66 c7 45 33 00
0x00007ff89f6e015c:   01 44 89 7d 37 66 c7 45 3b 00 10 4c 89 7d c7 4c
0x00007ff89f6e016c:   89 7d cf 4c 89 7d d7 4c 89 7d df 48 ff 15 e2 64
0x00007ff89f6e017c:   22 00 0f 1f 44 00 00 85 c0 0f 88 a7 02 00 00 48
0x00007ff89f6e018c:   8d 45 cf 41 b9 20 02 00 00 48 89 44 24 50 45 8d
0x00007ff89f6e019c:   6f 02 44 89 7c 24 48 45 8d 47 20 44 89 7c 24 40 



---------------  P R O C E S S  ---------------

Threads class SMR info:
_java_thread_list=0x0000019517300a70, length=1, elements={
0x000001951726b880
}

Java Threads: ( => current thread )
=>0x000001951726b880 JavaThread "Unknown thread"             [_thread_in_vm, id=11664, stack(0x00000002d2400000,0x00000002d2500000) (1024K)]
Total: 1

Other Threads:
  0x0000019520ecca10 WatcherThread "VM Periodic Task Thread"        [id=3264, stack(0x00000002d2a00000,0x00000002d2b00000) (1024K)]
  0x00000195172a4390 WorkerThread "GC Thread#0"                     [id=844, stack(0x00000002d2500000,0x00000002d2600000) (1024K)]
  0x00000195172ace00 ConcurrentGCThread "G1 Main Marker"            [id=6672, stack(0x00000002d2600000,0x00000002d2700000) (1024K)]
  0x00000195172ae6d0 WorkerThread "G1 Conc#0"                       [id=5884, stack(0x00000002d2700000,0x00000002d2800000) (1024K)]
  0x00000195172fb8a0 ConcurrentGCThread "G1 Refine#0"               [id=14308, stack(0x00000002d2800000,0x00000002d2900000) (1024K)]
  0x00000195172fc5d0 ConcurrentGCThread "G1 Service"                [id=8136, stack(0x00000002d2900000,0x00000002d2a00000) (1024K)]
Total: 6

Threads with active compile tasks:
Total: 0

VM state: not at safepoint (not fully initialized)

VM Mutex/Monitor currently owned by a thread: None

Heap address: 0x00000000c2c00000, size: 980 MB, Compressed Oops mode: 32-bit

CDS archive(s) not mapped
Compressed class space mapped at: 0x0000000017000000-0x0000000057000000, reserved size: 1073741824
Narrow klass base: 0x0000000000000000, Narrow klass shift: 0, Narrow klass range: 0x57000000

GC Precious Log:
 CardTable entry size: 512
 Card Set container configuration: InlinePtr #cards 5 size 8 Array Of Cards #cards 12 size 40 Howl #buckets 4 coarsen threshold 1843 Howl Bitmap #cards 512 size 80 coarsen threshold 460 Card regions per heap region 1 cards per card region 2048
 CPUs: 2 total, 2 available
 Memory: 3918M
 Large Page Support: Disabled
 NUMA Support: Disabled
 Compressed Oops: Enabled (32-bit)
 Heap Region Size: 1M
 Heap Min Capacity: 8M
 Heap Initial Capacity: 62M
 Heap Max Capacity: 980M
 Pre-touch: Disabled
 Parallel Workers: 2
 Concurrent Workers: 1
 Concurrent Refinement Workers: 2
 Periodic GC: Disabled

Heap:
 garbage-first heap   total reserved 1003520K, committed 63488K, used 0K [0x00000000c2c00000, 0x0000000100000000)
  region size 1024K, 1 young (1024K), 0 survivors (0K)
 Metaspace       used 1163K, committed 1216K, reserved 1114112K
  class space    used 76K, committed 128K, reserved 1048576K

Heap Regions: E=young(eden), S=young(survivor), O=old, HS=humongous(starts), HC=humongous(continues), CS=collection set, F=free, TAMS=top-at-mark-start, PB=parsable bottom
|   0|0x00000000c2c00000, 0x00000000c2c00000, 0x00000000c2d00000|  0%| F|  |TAMS 0x00000000c2c00000| PB 0x00000000c2c00000| Untracked |  0
|   1|0x00000000c2d00000, 0x00000000c2d00000, 0x00000000c2e00000|  0%| F|  |TAMS 0x00000000c2d00000| PB 0x00000000c2d00000| Untracked |  0
|   2|0x00000000c2e00000, 0x00000000c2e00000, 0x00000000c2f00000|  0%| F|  |TAMS 0x00000000c2e00000| PB 0x00000000c2e00000| Untracked |  0
|   3|0x00000000c2f00000, 0x00000000c2f00000, 0x00000000c3000000|  0%| F|  |TAMS 0x00000000c2f00000| PB 0x00000000c2f00000| Untracked |  0
|   4|0x00000000c3000000, 0x00000000c3000000, 0x00000000c3100000|  0%| F|  |TAMS 0x00000000c3000000| PB 0x00000000c3000000| Untracked |  0
|   5|0x00000000c3100000, 0x00000000c3100000, 0x00000000c3200000|  0%| F|  |TAMS 0x00000000c3100000| PB 0x00000000c3100000| Untracked |  0
|   6|0x00000000c3200000, 0x00000000c3200000, 0x00000000c3300000|  0%| F|  |TAMS 0x00000000c3200000| PB 0x00000000c3200000| Untracked |  0
|   7|0x00000000c3300000, 0x00000000c3300000, 0x00000000c3400000|  0%| F|  |TAMS 0x00000000c3300000| PB 0x00000000c3300000| Untracked |  0
|   8|0x00000000c3400000, 0x00000000c3400000, 0x00000000c3500000|  0%| F|  |TAMS 0x00000000c3400000| PB 0x00000000c3400000| Untracked |  0
|   9|0x00000000c3500000, 0x00000000c3500000, 0x00000000c3600000|  0%| F|  |TAMS 0x00000000c3500000| PB 0x00000000c3500000| Untracked |  0
|  10|0x00000000c3600000, 0x00000000c3600000, 0x00000000c3700000|  0%| F|  |TAMS 0x00000000c3600000| PB 0x00000000c3600000| Untracked |  0
|  11|0x00000000c3700000, 0x00000000c3700000, 0x00000000c3800000|  0%| F|  |TAMS 0x00000000c3700000| PB 0x00000000c3700000| Untracked |  0
|  12|0x00000000c3800000, 0x00000000c3800000, 0x00000000c3900000|  0%| F|  |TAMS 0x00000000c3800000| PB 0x00000000c3800000| Untracked |  0
|  13|0x00000000c3900000, 0x00000000c3900000, 0x00000000c3a00000|  0%| F|  |TAMS 0x00000000c3900000| PB 0x00000000c3900000| Untracked |  0
|  14|0x00000000c3a00000, 0x00000000c3a00000, 0x00000000c3b00000|  0%| F|  |TAMS 0x00000000c3a00000| PB 0x00000000c3a00000| Untracked |  0
|  15|0x00000000c3b00000, 0x00000000c3b00000, 0x00000000c3c00000|  0%| F|  |TAMS 0x00000000c3b00000| PB 0x00000000c3b00000| Untracked |  0
|  16|0x00000000c3c00000, 0x00000000c3c00000, 0x00000000c3d00000|  0%| F|  |TAMS 0x00000000c3c00000| PB 0x00000000c3c00000| Untracked |  0
|  17|0x00000000c3d00000, 0x00000000c3d00000, 0x00000000c3e00000|  0%| F|  |TAMS 0x00000000c3d00000| PB 0x00000000c3d00000| Untracked |  0
|  18|0x00000000c3e00000, 0x00000000c3e00000, 0x00000000c3f00000|  0%| F|  |TAMS 0x00000000c3e00000| PB 0x00000000c3e00000| Untracked |  0
|  19|0x00000000c3f00000, 0x00000000c3f00000, 0x00000000c4000000|  0%| F|  |TAMS 0x00000000c3f00000| PB 0x00000000c3f00000| Untracked |  0
|  20|0x00000000c4000000, 0x00000000c4000000, 0x00000000c4100000|  0%| F|  |TAMS 0x00000000c4000000| PB 0x00000000c4000000| Untracked |  0
|  21|0x00000000c4100000, 0x00000000c4100000, 0x00000000c4200000|  0%| F|  |TAMS 0x00000000c4100000| PB 0x00000000c4100000| Untracked |  0
|  22|0x00000000c4200000, 0x00000000c4200000, 0x00000000c4300000|  0%| F|  |TAMS 0x00000000c4200000| PB 0x00000000c4200000| Untracked |  0
|  23|0x00000000c4300000, 0x00000000c4300000, 0x00000000c4400000|  0%| F|  |TAMS 0x00000000c4300000| PB 0x00000000c4300000| Untracked |  0
|  24|0x00000000c4400000, 0x00000000c4400000, 0x00000000c4500000|  0%| F|  |TAMS 0x00000000c4400000| PB 0x00000000c4400000| Untracked |  0
|  25|0x00000000c4500000, 0x00000000c4500000, 0x00000000c4600000|  0%| F|  |TAMS 0x00000000c4500000| PB 0x00000000c4500000| Untracked |  0
|  26|0x00000000c4600000, 0x00000000c4600000, 0x00000000c4700000|  0%| F|  |TAMS 0x00000000c4600000| PB 0x00000000c4600000| Untracked |  0
|  27|0x00000000c4700000, 0x00000000c4700000, 0x00000000c4800000|  0%| F|  |TAMS 0x00000000c4700000| PB 0x00000000c4700000| Untracked |  0
|  28|0x00000000c4800000, 0x00000000c4800000, 0x00000000c4900000|  0%| F|  |TAMS 0x00000000c4800000| PB 0x00000000c4800000| Untracked |  0
|  29|0x00000000c4900000, 0x00000000c4900000, 0x00000000c4a00000|  0%| F|  |TAMS 0x00000000c4900000| PB 0x00000000c4900000| Untracked |  0
|  30|0x00000000c4a00000, 0x00000000c4a00000, 0x00000000c4b00000|  0%| F|  |TAMS 0x00000000c4a00000| PB 0x00000000c4a00000| Untracked |  0
|  31|0x00000000c4b00000, 0x00000000c4b00000, 0x00000000c4c00000|  0%| F|  |TAMS 0x00000000c4b00000| PB 0x00000000c4b00000| Untracked |  0
|  32|0x00000000c4c00000, 0x00000000c4c00000, 0x00000000c4d00000|  0%| F|  |TAMS 0x00000000c4c00000| PB 0x00000000c4c00000| Untracked |  0
|  33|0x00000000c4d00000, 0x00000000c4d00000, 0x00000000c4e00000|  0%| F|  |TAMS 0x00000000c4d00000| PB 0x00000000c4d00000| Untracked |  0
|  34|0x00000000c4e00000, 0x00000000c4e00000, 0x00000000c4f00000|  0%| F|  |TAMS 0x00000000c4e00000| PB 0x00000000c4e00000| Untracked |  0
|  35|0x00000000c4f00000, 0x00000000c4f00000, 0x00000000c5000000|  0%| F|  |TAMS 0x00000000c4f00000| PB 0x00000000c4f00000| Untracked |  0
|  36|0x00000000c5000000, 0x00000000c5000000, 0x00000000c5100000|  0%| F|  |TAMS 0x00000000c5000000| PB 0x00000000c5000000| Untracked |  0
|  37|0x00000000c5100000, 0x00000000c5100000, 0x00000000c5200000|  0%| F|  |TAMS 0x00000000c5100000| PB 0x00000000c5100000| Untracked |  0
|  38|0x00000000c5200000, 0x00000000c5200000, 0x00000000c5300000|  0%| F|  |TAMS 0x00000000c5200000| PB 0x00000000c5200000| Untracked |  0
|  39|0x00000000c5300000, 0x00000000c5300000, 0x00000000c5400000|  0%| F|  |TAMS 0x00000000c5300000| PB 0x00000000c5300000| Untracked |  0
|  40|0x00000000c5400000, 0x00000000c5400000, 0x00000000c5500000|  0%| F|  |TAMS 0x00000000c5400000| PB 0x00000000c5400000| Untracked |  0
|  41|0x00000000c5500000, 0x00000000c5500000, 0x00000000c5600000|  0%| F|  |TAMS 0x00000000c5500000| PB 0x00000000c5500000| Untracked |  0
|  42|0x00000000c5600000, 0x00000000c5600000, 0x00000000c5700000|  0%| F|  |TAMS 0x00000000c5600000| PB 0x00000000c5600000| Untracked |  0
|  43|0x00000000c5700000, 0x00000000c5700000, 0x00000000c5800000|  0%| F|  |TAMS 0x00000000c5700000| PB 0x00000000c5700000| Untracked |  0
|  44|0x00000000c5800000, 0x00000000c5800000, 0x00000000c5900000|  0%| F|  |TAMS 0x00000000c5800000| PB 0x00000000c5800000| Untracked |  0
|  45|0x00000000c5900000, 0x00000000c5900000, 0x00000000c5a00000|  0%| F|  |TAMS 0x00000000c5900000| PB 0x00000000c5900000| Untracked |  0
|  46|0x00000000c5a00000, 0x00000000c5a00000, 0x00000000c5b00000|  0%| F|  |TAMS 0x00000000c5a00000| PB 0x00000000c5a00000| Untracked |  0
|  47|0x00000000c5b00000, 0x00000000c5b00000, 0x00000000c5c00000|  0%| F|  |TAMS 0x00000000c5b00000| PB 0x00000000c5b00000| Untracked |  0
|  48|0x00000000c5c00000, 0x00000000c5c00000, 0x00000000c5d00000|  0%| F|  |TAMS 0x00000000c5c00000| PB 0x00000000c5c00000| Untracked |  0
|  49|0x00000000c5d00000, 0x00000000c5d00000, 0x00000000c5e00000|  0%| F|  |TAMS 0x00000000c5d00000| PB 0x00000000c5d00000| Untracked |  0
|  50|0x00000000c5e00000, 0x00000000c5e00000, 0x00000000c5f00000|  0%| F|  |TAMS 0x00000000c5e00000| PB 0x00000000c5e00000| Untracked |  0
|  51|0x00000000c5f00000, 0x00000000c5f00000, 0x00000000c6000000|  0%| F|  |TAMS 0x00000000c5f00000| PB 0x00000000c5f00000| Untracked |  0
|  52|0x00000000c6000000, 0x00000000c6000000, 0x00000000c6100000|  0%| F|  |TAMS 0x00000000c6000000| PB 0x00000000c6000000| Untracked |  0
|  53|0x00000000c6100000, 0x00000000c6100000, 0x00000000c6200000|  0%| F|  |TAMS 0x00000000c6100000| PB 0x00000000c6100000| Untracked |  0
|  54|0x00000000c6200000, 0x00000000c6200000, 0x00000000c6300000|  0%| F|  |TAMS 0x00000000c6200000| PB 0x00000000c6200000| Untracked |  0
|  55|0x00000000c6300000, 0x00000000c6300000, 0x00000000c6400000|  0%| F|  |TAMS 0x00000000c6300000| PB 0x00000000c6300000| Untracked |  0
|  56|0x00000000c6400000, 0x00000000c6400000, 0x00000000c6500000|  0%| F|  |TAMS 0x00000000c6400000| PB 0x00000000c6400000| Untracked |  0
|  57|0x00000000c6500000, 0x00000000c6500000, 0x00000000c6600000|  0%| F|  |TAMS 0x00000000c6500000| PB 0x00000000c6500000| Untracked |  0
|  58|0x00000000c6600000, 0x00000000c6600000, 0x00000000c6700000|  0%| F|  |TAMS 0x00000000c6600000| PB 0x00000000c6600000| Untracked |  0
|  59|0x00000000c6700000, 0x00000000c6700000, 0x00000000c6800000|  0%| F|  |TAMS 0x00000000c6700000| PB 0x00000000c6700000| Untracked |  0
|  60|0x00000000c6800000, 0x00000000c6800000, 0x00000000c6900000|  0%| F|  |TAMS 0x00000000c6800000| PB 0x00000000c6800000| Untracked |  0
|  61|0x00000000c6900000, 0x00000000c6923de0, 0x00000000c6a00000| 14%| E|  |TAMS 0x00000000c6900000| PB 0x00000000c6900000| Complete |  0

Card table byte_map: [0x0000019516e90000,0x0000019517080000] _byte_map_base: 0x000001951687a000

Marking Bits: (CMBitMap*) 0x00000195172a4aa0
 Bits: [0x000001951dd50000, 0x000001951eca0000)

GC Heap History (0 events):
No events

Dll operation events (2 events):
Event: 0.055 Loaded shared library C:\Users\luizf\.p2\pool\plugins\org.eclipse.justj.openjdk.hotspot.jre.full.win32.x86_64_22.0.2.v20240802-1626\jre\bin\java.dll
Event: 0.441 Loaded shared library C:\Users\luizf\.p2\pool\plugins\org.eclipse.justj.openjdk.hotspot.jre.full.win32.x86_64_22.0.2.v20240802-1626\jre\bin\zip.dll

Deoptimization events (0 events):
No events

Classes loaded (20 events):
Event: 0.979 Loading class java/io/ByteArrayInputStream done
Event: 0.979 Loading class java/net/URL
Event: 0.991 Loading class java/net/URL done
Event: 0.991 Loading class java/net/URLClassLoader
Event: 0.991 Loading class java/net/URLClassLoader done
Event: 0.991 Loading class java/lang/Enum
Event: 0.991 Loading class java/lang/Enum done
Event: 0.991 Loading class java/util/jar/Manifest
Event: 0.999 Loading class java/util/jar/Manifest done
Event: 0.999 Loading class jdk/internal/loader/BuiltinClassLoader
Event: 1.002 Loading class jdk/internal/loader/BuiltinClassLoader done
Event: 1.002 Loading class jdk/internal/loader/ClassLoaders
Event: 1.004 Loading class jdk/internal/loader/ClassLoaders done
Event: 1.004 Loading class jdk/internal/loader/ClassLoaders$AppClassLoader
Event: 1.004 Loading class jdk/internal/loader/ClassLoaders$AppClassLoader done
Event: 1.004 Loading class jdk/internal/loader/ClassLoaders$PlatformClassLoader
Event: 1.004 Loading class jdk/internal/loader/ClassLoaders$PlatformClassLoader done
Event: 1.004 Loading class java/security/CodeSource
Event: 1.005 Loading class java/security/CodeSource done
Event: 1.005 Loading class java/util/concurrent/ConcurrentHashMap

Classes unloaded (0 events):
No events

Classes redefined (0 events):
No events

Internal exceptions (0 events):
No events

ZGC Phase Switch (0 events):
No events

VM Operations (0 events):
No events

Memory protections (0 events):
No events

Nmethod flushes (0 events):
No events

Events (1 events):
Event: 0.069 Thread 0x000001951726b880 Thread added: 0x000001951726b880


Dynamic libraries:
0x00007ff7700f0000 - 0x00007ff7700fe000 	C:\Users\luizf\.p2\pool\plugins\org.eclipse.justj.openjdk.hotspot.jre.full.win32.x86_64_22.0.2.v20240802-1626\jre\bin\java.exe
0x00007ff8a21d0000 - 0x00007ff8a23e7000 	C:\Windows\SYSTEM32\ntdll.dll
0x00007ff8a12a0000 - 0x00007ff8a1364000 	C:\Windows\System32\KERNEL32.DLL
0x00007ff89f680000 - 0x00007ff89fa52000 	C:\Windows\System32\KERNELBASE.dll
0x00007ff89fa60000 - 0x00007ff89fb71000 	C:\Windows\System32\ucrtbase.dll
0x00007ff885760000 - 0x00007ff885777000 	C:\Users\luizf\.p2\pool\plugins\org.eclipse.justj.openjdk.hotspot.jre.full.win32.x86_64_22.0.2.v20240802-1626\jre\bin\jli.dll
0x00007ff8a13c0000 - 0x00007ff8a1571000 	C:\Windows\System32\USER32.dll
0x00007ff89f520000 - 0x00007ff89f546000 	C:\Windows\System32\win32u.dll
0x00007ff8a0710000 - 0x00007ff8a0739000 	C:\Windows\System32\GDI32.dll
0x00007ff89f550000 - 0x00007ff89f673000 	C:\Windows\System32\gdi32full.dll
0x00007ff89fdc0000 - 0x00007ff89fe5a000 	C:\Windows\System32\msvcp_win.dll
0x00007ff898b10000 - 0x00007ff898b2b000 	C:\Users\luizf\.p2\pool\plugins\org.eclipse.justj.openjdk.hotspot.jre.full.win32.x86_64_22.0.2.v20240802-1626\jre\bin\VCRUNTIME140.dll
0x00007ff87a5f0000 - 0x00007ff87a88b000 	C:\Windows\WinSxS\amd64_microsoft.windows.common-controls_6595b64144ccf1df_6.0.22621.5415_none_270d77d17387d7da\COMCTL32.dll
0x00007ff8a0360000 - 0x00007ff8a0407000 	C:\Windows\System32\msvcrt.dll
0x00007ff8a1900000 - 0x00007ff8a1931000 	C:\Windows\System32\IMM32.DLL
0x00007ff885be0000 - 0x00007ff885bec000 	C:\Users\luizf\.p2\pool\plugins\org.eclipse.justj.openjdk.hotspot.jre.full.win32.x86_64_22.0.2.v20240802-1626\jre\bin\vcruntime140_1.dll
0x00007ff85f320000 - 0x00007ff85f3ae000 	C:\Users\luizf\.p2\pool\plugins\org.eclipse.justj.openjdk.hotspot.jre.full.win32.x86_64_22.0.2.v20240802-1626\jre\bin\msvcp140.dll
0x00007ff805de0000 - 0x00007ff806ba3000 	C:\Users\luizf\.p2\pool\plugins\org.eclipse.justj.openjdk.hotspot.jre.full.win32.x86_64_22.0.2.v20240802-1626\jre\bin\server\jvm.dll
0x00007ff8a0570000 - 0x00007ff8a0621000 	C:\Windows\System32\ADVAPI32.dll
0x00007ff8a1eb0000 - 0x00007ff8a1f58000 	C:\Windows\System32\sechost.dll
0x00007ff89f2c0000 - 0x00007ff89f2e8000 	C:\Windows\System32\bcrypt.dll
0x00007ff8a1580000 - 0x00007ff8a1694000 	C:\Windows\System32\RPCRT4.dll
0x00007ff8a2100000 - 0x00007ff8a2171000 	C:\Windows\System32\WS2_32.dll
0x00007ff89f190000 - 0x00007ff89f1dd000 	C:\Windows\SYSTEM32\POWRPROF.dll
0x00007ff898380000 - 0x00007ff8983b4000 	C:\Windows\SYSTEM32\WINMM.dll
0x00007ff8985e0000 - 0x00007ff8985ea000 	C:\Windows\SYSTEM32\VERSION.dll
0x00007ff89f170000 - 0x00007ff89f183000 	C:\Windows\SYSTEM32\UMPDC.dll
0x00007ff89e2f0000 - 0x00007ff89e308000 	C:\Windows\SYSTEM32\kernel.appcore.dll
0x00007ff885bc0000 - 0x00007ff885bca000 	C:\Users\luizf\.p2\pool\plugins\org.eclipse.justj.openjdk.hotspot.jre.full.win32.x86_64_22.0.2.v20240802-1626\jre\bin\jimage.dll
0x00007ff89cec0000 - 0x00007ff89d0f3000 	C:\Windows\SYSTEM32\DBGHELP.DLL
0x00007ff8a1b10000 - 0x00007ff8a1ea3000 	C:\Windows\System32\combase.dll
0x00007ff8a0630000 - 0x00007ff8a0707000 	C:\Windows\System32\OLEAUT32.dll
0x00007ff896530000 - 0x00007ff896562000 	C:\Windows\SYSTEM32\dbgcore.DLL
0x00007ff89fd40000 - 0x00007ff89fdbb000 	C:\Windows\System32\bcryptPrimitives.dll
0x00007ff885620000 - 0x00007ff88563e000 	C:\Users\luizf\.p2\pool\plugins\org.eclipse.justj.openjdk.hotspot.jre.full.win32.x86_64_22.0.2.v20240802-1626\jre\bin\java.dll
0x00007ff8a0760000 - 0x00007ff8a1002000 	C:\Windows\System32\SHELL32.dll
0x00007ff89fc00000 - 0x00007ff89fd3f000 	C:\Windows\System32\wintypes.dll
0x00007ff8a1f60000 - 0x00007ff8a2100000 	C:\Windows\System32\ole32.dll
0x00007ff8853b0000 - 0x00007ff8853c7000 	C:\Users\luizf\.p2\pool\plugins\org.eclipse.justj.openjdk.hotspot.jre.full.win32.x86_64_22.0.2.v20240802-1626\jre\bin\zip.dll

dbghelp: loaded successfully - version: 4.0.5 - missing functions: none
symbol engine: initialized successfully - sym options: 0x614 - pdb path: .;C:\Users\luizf\.p2\pool\plugins\org.eclipse.justj.openjdk.hotspot.jre.full.win32.x86_64_22.0.2.v20240802-1626\jre\bin;C:\Windows\SYSTEM32;C:\Windows\WinSxS\amd64_microsoft.windows.common-controls_6595b64144ccf1df_6.0.22621.5415_none_270d77d17387d7da;C:\Users\luizf\.p2\pool\plugins\org.eclipse.justj.openjdk.hotspot.jre.full.win32.x86_64_22.0.2.v20240802-1626\jre\bin\server

VM Arguments:
jvm_args: -Dcom.sun.management.jmxremote -Dcom.sun.management.jmxremote.port=59268 -Dcom.sun.management.jmxremote.authenticate=false -Dcom.sun.management.jmxremote.ssl=false -Djava.rmi.server.hostname=localhost -Dspring.jmx.enabled=true -Dmanagement.endpoints.jmx.exposure.include=* -Dspring.application.admin.enabled=true -XX:TieredStopAtLevel=1 -Dspring.boot.project.name=Agenda_Simples -Dfile.encoding=UTF-8 -Dstdout.encoding=UTF-8 -Dstderr.encoding=UTF-8 -XX:+ShowCodeDetailsInExceptionMessages 
java_command: com.Projeto_Agenda.Agenda_Simples.AgendaSimplesApplication
java_class_path (initial): C:\Users\luizf\eclipse-workspace\Agenda_Simples\Agenda_Simples\target\classes;C:\Users\luizf\.m2\repository\org\springframework\boot\spring-boot-starter-data-jpa\3.5.4\spring-boot-starter-data-jpa-3.5.4.jar;C:\Users\luizf\.m2\repository\org\springframework\boot\spring-boot-starter\3.5.4\spring-boot-starter-3.5.4.jar;C:\Users\luizf\.m2\repository\org\springframework\boot\spring-boot-starter-logging\3.5.4\spring-boot-starter-logging-3.5.4.jar;C:\Users\luizf\.m2\repository\ch\qos\logback\logback-classic\1.5.18\logback-classic-1.5.18.jar;C:\Users\luizf\.m2\repository\ch\qos\logback\logback-core\1.5.18\logback-core-1.5.18.jar;C:\Users\luizf\.m2\repository\org\apache\logging\log4j\log4j-to-slf4j\2.24.3\log4j-to-slf4j-2.24.3.jar;C:\Users\luizf\.m2\repository\org\apache\logging\log4j\log4j-api\2.24.3\log4j-api-2.24.3.jar;C:\Users\luizf\.m2\repository\org\slf4j\jul-to-slf4j\2.0.17\jul-to-slf4j-2.0.17.jar;C:\Users\luizf\.m2\repository\jakarta\annotation\jakarta.annotation-api\2.1.1\jakarta.annotation-api-2.1.1.jar;C:\Users\luizf\.m2\repository\org\yaml\snakeyaml\2.4\snakeyaml-2.4.jar;C:\Users\luizf\.m2\repository\org\springframework\boot\spring-boot-starter-jdbc\3.5.4\spring-boot-starter-jdbc-3.5.4.jar;C:\Users\luizf\.m2\repository\com\zaxxer\HikariCP\6.3.1\HikariCP-6.3.1.jar;C:\Users\luizf\.m2\repository\org\springframework\spring-jdbc\6.2.9\spring-jdbc-6.2.9.jar;C:\Users\luizf\.m2\repository\org\hibernate\orm\hibernate-core\6.6.22.Final\hibernate-core-6.6.22.Final.jar;C:\Users\luizf\.m2\repository\jakarta\persistence\jakarta.persistence-api\3.1.0\jakarta.persistence-api-3.1.0.jar;C:\Users\luizf\.m2\repository\jakarta\transaction\jakarta.transaction-api\2.0.1\jakarta.transaction-api-2.0.1.jar;C:\Users\luizf\.m2\repository\org\jboss\logging\jboss-logging\3.6.1.Final\jboss-logging-3.6.1.Final.jar;C:\Users\luizf\.m2\repository\org\hibernate\common\hibernate-commons-annotations\7.0.3.Final\hibernate-commons-annotations-7.0.3.Final.jar;C:\Users\luizf\.m2\repository\io\smallrye\jandex\3.2.0\jandex-3.2.0.jar;C:\Users\luizf\.m2\repository\com\fasterxml\classmate\1.7.0\classmate-1.7.0.jar;C:\Users\luizf\.m2\repository\net\bytebuddy\byte-buddy\1.17.6\byte-buddy-1.17.6.jar;C:\Users\luizf\.m2\repository\org\glassfish\jaxb\jaxb-runtime\4.0.5\jaxb-runtime-4.0.5.jar;C:\Users\luizf\.m2\repository\org\glassfish\jaxb\jaxb-core\4.0.5\jaxb-core-4.0.5.jar;C:\Users\luizf\.m2\repository\org\eclipse\angus\angus-activation\2.0.2\angus-activation-2.0.2.jar;C:\Users\luizf\.m2\repository\org\glassfish\jaxb\txw2\4.0.5\txw2-4.0.5.jar;C:\Users\luizf\.m2\repository\com\sun\istack\istack-commons-runtime\4.1.2\istack-commons-runtime-4.1.2.jar;C:\Users\luizf\.m2\repository\jakarta\inject\jakarta.inject-api\2.0.1\jakarta.inject-api-2.0.1.jar;C:\Users\luizf\.m2\repository\org\antlr\antlr4-runtime\4.13.0\antlr4-runtime-4.13.0.jar;C:\Users\luizf\.m2\repository\org\springframework\data\spring-data-jpa\3.5.2\spring-data-jpa-3.5.2.jar;C:\Users\luizf\.m2\repository\org\springframework\data\spring-data-commons\3.5.2\spring-data-commons-3.5.2.jar;C:\Users\luizf\.m2\repository\org\springframework\spring-orm\6.2.9\spring-orm-6.2.9.jar;C:\Users\luizf\.m2\repository\org\springframework\spring-context\6.2.9\spring-context-6.2.9.jar;C:\Users\luizf\.m2\repository\org\springframework\spring-aop\6.2.9\spring-aop-6.2.9.jar;C:\Users\luizf\.m2\repository\org\springframework\spring-tx\6.2.9\spring-tx-6.2.9.jar;C:\Users\luizf\.m2\repository\org\springframework\spring-beans\6.2.9\spring-beans-6.2.9.jar;C:\Users\luizf\.m2\repository\org\slf4j\slf4j-api\2.0.17\slf4j-api-2.0.17.jar;C:\Users\luizf\.m2\repository\org\springframework\spring-aspects\6.2.9\spring-aspects-6.2.9.jar;C:\Users\luizf\.m2\repository\org\aspectj\aspectjweaver\1.9.24\aspectjweaver-1.9.24.jar;C:\Users\luizf\.m2\repository\org\springframework\boot\spring-boot-starter-web\3.5.4\spring-boot-starter-web-3.5.4.jar;C:\Users\luizf\.m2\repository\org\springframework\boot\spring-boot-starter-json\3.5.4\spring-boot-starter-json-3.5.4.jar;C:\Users\luizf\.m2\repository\com\fasterxml\jackson\core\jackson-databind\2.19.2\jackson-databind-2.19.2.jar;C:\Users\luizf\.m2\repository\com\fasterxml\jackson\core\jackson-annotations\2.19.2\jackson-annotations-2.19.2.jar;C:\Users\luizf\.m2\repository\com\fasterxml\jackson\core\jackson-core\2.19.2\jackson-core-2.19.2.jar;C:\Users\luizf\.m2\repository\com\fasterxml\jackson\datatype\jackson-datatype-jdk8\2.19.2\jackson-datatype-jdk8-2.19.2.jar;C:\Users\luizf\.m2\repository\com\fasterxml\jackson\datatype\jackson-datatype-jsr310\2.19.2\jackson-datatype-jsr310-2.19.2.jar;C:\Users\luizf\.m2\repository\com\fasterxml\jackson\module\jackson-module-parameter-names\2.19.2\jackson-module-parameter-names-2.19.2.jar;C:\Users\luizf\.m2\repository\org\springframework\boot\spring-boot-starter-tomcat\3.5.4\spring-boot-starter-tomcat-3.5.4.jar;C:\Users\luizf\.m2\repository\org\apache\tomcat\embed\tomcat-embed-core\10.1.43\tomcat-embed-core-10.1.43.jar;C:\Users\luizf\.m2\repository\org\apache\tomcat\embed\tomcat-embed-el\10.1.43\tomcat-embed-el-10.1.43.jar;C:\Users\luizf\.m2\repository\org\apache\tomcat\embed\tomcat-embed-websocket\10.1.43\tomcat-embed-websocket-10.1.43.jar;C:\Users\luizf\.m2\repository\org\springframework\spring-web\6.2.9\spring-web-6.2.9.jar;C:\Users\luizf\.m2\repository\io\micrometer\micrometer-observation\1.15.2\micrometer-observation-1.15.2.jar;C:\Users\luizf\.m2\repository\io\micrometer\micrometer-commons\1.15.2\micrometer-commons-1.15.2.jar;C:\Users\luizf\.m2\repository\org\springframework\spring-webmvc\6.2.9\spring-webmvc-6.2.9.jar;C:\Users\luizf\.m2\repository\org\springframework\spring-expression\6.2.9\spring-expression-6.2.9.jar;C:\Users\luizf\.m2\repository\org\springframework\boot\spring-boot-devtools\3.5.4\spring-boot-devtools-3.5.4.jar;C:\Users\luizf\.m2\repository\org\springframework\boot\spring-boot\3.5.4\spring-boot-3.5.4.jar;C:\Users\luizf\.m2\repository\org\springframework\boot\spring-boot-autoconfigure\3.5.4\spring-boot-autoconfigure-3.5.4.jar;C:\Users\luizf\.m2\repository\com\mysql\mysql-connector-j\9.3.0\mysql-connector-j-9.3.0.jar;C:\Users\luizf\.m2\repository\jakarta\xml\bind\jakarta.xml.bind-api\4.0.2\jakarta.xml.bind-api-4.0.2.jar;C:\Users\luizf\.m2\repository\jakarta\activation\jakarta.activation-api\2.1.3\jakarta.activation-api-2.1.3.jar;C:\Users\luizf\.m2\repository\org\springframework\spring-core\6.2.9\spring-core-6.2.9.jar;C:\Users\luizf\.m2\repository\org\springframework\spring-jcl\6.2.9\spring-jcl-6.2.9.jar
Launcher Type: SUN_STANDARD

[Global flags]
     intx CICompilerCount                          = 2                                         {product} {ergonomic}
     uint ConcGCThreads                            = 1                                         {product} {ergonomic}
     uint G1ConcRefinementThreads                  = 2                                         {product} {ergonomic}
   size_t G1HeapRegionSize                         = 1048576                                   {product} {ergonomic}
   size_t InitialHeapSize                          = 65011712                                  {product} {ergonomic}
     bool ManagementServer                         = true                                      {product} {command line}
   size_t MarkStackSize                            = 4194304                                   {product} {ergonomic}
   size_t MaxHeapSize                              = 1027604480                                {product} {ergonomic}
   size_t MaxNewSize                               = 616562688                                 {product} {ergonomic}
   size_t MinHeapDeltaBytes                        = 1048576                                   {product} {ergonomic}
   size_t MinHeapSize                              = 8388608                                   {product} {ergonomic}
    uintx NonNMethodCodeHeapSize                   = 4096                                   {pd product} {ergonomic}
    uintx NonProfiledCodeHeapSize                  = 0                                      {pd product} {ergonomic}
     bool ProfileInterpreter                       = false                                  {pd product} {command line}
    uintx ProfiledCodeHeapSize                     = 0                                      {pd product} {ergonomic}
     bool ShowCodeDetailsInExceptionMessages       = true                                   {manageable} {command line}
   size_t SoftMaxHeapSize                          = 1027604480                             {manageable} {ergonomic}
     intx TieredStopAtLevel                        = 1                                         {product} {command line}
     bool UseCompressedOops                        = true                           {product lp64_product} {ergonomic}
     bool UseG1GC                                  = true                                      {product} {ergonomic}
     bool UseLargePagesIndividualAllocation        = false                                  {pd product} {ergonomic}

Logging:
Log output configuration:
 #0: stdout all=warning uptime,level,tags foldmultilines=false
 #1: stderr all=off uptime,level,tags foldmultilines=false

Environment Variables:
PATH=C:\Program Files (x86)\Common Files\Oracle\Java\java8path;C:\Program Files (x86)\Common Files\Oracle\Java\javapath;C:\Program Files\Microsoft MPI\Bin\;C:\Program Files\Eclipse Adoptium\jdk-21.0.3.9-hotspot\bin;C:\Windows\system32;C:\Windows;C:\Windows\System32\Wbem;C:\Windows\System32\WindowsPowerShell\v1.0\;C:\Windows\System32\OpenSSH\;Program Files (x86)\Microsoft SQL Server\160\Tools\Binn\;Program Files\Microsoft SQL Server\160\Tools\Binn\;Program Files\Microsoft SQL Server\Client SDK\ODBC\170\Tools\Binn\;Program Files\Microsoft SQL Server\160\DTS\Binn\;Program Files\Git\cmd;C:\Users\luizf\AppData\Roaming\nvm;C:\Program Files\nodejs;Program Files\Microsoft SQL Server\150\Tools\Binn\;Program Files (x86)\Microsoft SQL Server\160\DTS\Binn\;Program Files\Azure Data Studio\bin;Program Files\dotnet\;C:\Program Files\dotnet\;C:\;C:\Program Files\Git\cmd;C:\Users\apache-maven-3.9.9\bin;C:\Program Files (x86)\Microsoft SQL Server\160\DTS\Binn\;C:\Program Files\Microsoft SQL Server\160\DTS\Binn\;C:\Program Files\MySQL\MySQL Shell 8.0\bin\;C:\Users\luizf\AppData\Local\Programs\Python\Python312\Scripts\;C:\Users\luizf\AppData\Local\Programs\Python\Python312\;Users\luizf\AppData\Roaming\.dotnet;C:\Users\luizf\AppData\Local\Microsoft\WindowsApps;Users\luizf\AppData\Local\Programs\Microsoft VS Code\bin;Users\luizf\AppData\Local\GitHubDesktop\bin;C:\Users\luizf\AppData\Roaming\nvm;C:\Program Files\nodejs;Program Files\Azure Data Studio\bin;C:\Users\luizf\.dotnet\tools;Users\luizf\AppData\Roaming\npm;C:\Users\luizf\AppData\Roaming\npm;;;C:\Users\luizf\OneDrive\Documentos\Frontend_PW-main\Frontend_PW-main;C:\Users\luizf\AppData\Local\Programs\Microsoft VS Code\bin;C:\Users\luizf\AppData\Local\Microsoft\WinGet\Links;;C:\Program Files\JetBrains\IntelliJ IDEA Community Edition 2024.3.1.1\bin;
USERNAME=luizf
OS=Windows_NT
PROCESSOR_IDENTIFIER=Intel64 Family 6 Model 122 Stepping 8, GenuineIntel
TMP=C:\Users\luizf\AppData\Local\Temp
TEMP=C:\Users\luizf\AppData\Local\Temp




Periodic native trim disabled

---------------  S Y S T E M  ---------------

OS:
 Windows 11 , 64 bit Build 22621 (10.0.22621.5415)
OS uptime: 0 days 3:39 hours

CPU: total 2 (initial active 2) (2 cores per cpu, 1 threads per core) family 6 model 122 stepping 8 microcode 0x18, cx8, cmov, fxsr, mmx, 3dnowpref, sse, sse2, sse3, ssse3, sse4.1, sse4.2, popcnt, tsc, tscinvbit, aes, erms, clmul, sha, clflush, clflushopt, rdtscp, rdpid
Processor Information for all 2 processors :
  Max Mhz: 1101, Current Mhz: 1101, Mhz Limit: 1101

Memory: 4k page, system-wide physical 3918M (349M free)
TotalPageFile size 11914M (AvailPageFile size 1M)
current process WorkingSet (physical memory assigned to process): 17M, peak: 17M
current process commit charge ("private bytes"): 109M, peak: 109M

vm_info: OpenJDK 64-Bit Server VM (22.0.2+9) for windows-amd64 JRE (22.0.2+9), built on 2024-07-16T00:00:00Z by "admin" with MS VC++ 17.7 (VS2022)

END.
